#
# There is insufficient memory for the Java Runtime Environment to continue.
# Native memory allocation (malloc) failed to allocate 1053216 bytes for Chunk::new
# Possible reasons:
#   The system is out of physical RAM or swap space
#   The process is running with CompressedOops enabled, and the Java Heap may be blocking the growth of the native heap
# Possible solutions:
#   Reduce memory load on the system
#   Increase physical memory or swap space
#   Check if swap backing store is full
#   Decrease Java heap size (-Xmx/-Xms)
#   Decrease number of Java threads
#   Decrease Java thread stack sizes (-Xss)
#   Set larger code cache with -XX:ReservedCodeCacheSize=
#   JVM is running with Unscaled Compressed Oops mode in which the Java heap is
#     placed in the first 4GB address space. The Java Heap base address is the
#     maximum limit for the native heap growth. Please use -XX:HeapBaseMinAddress
#     to set the Java Heap base and to place the Java Heap above 4GB virtual address.
# This output file may be truncated or incomplete.
#
#  Out of Memory Error (allocation.cpp:389), pid=1436, tid=0x00000000000021ac
#
# JRE version: OpenJDK Runtime Environment (8.0_202-b03) (build 1.8.0_202-release-1483-b03)
# Java VM: OpenJDK 64-Bit Server VM (25.202-b03 mixed mode windows-amd64 compressed oops)
# Failed to write core dump. Minidumps are not enabled by default on client versions of Windows
#

---------------  T H R E A D  ---------------

Current thread (0x0000000016814800):  JavaThread "C2 CompilerThread1" daemon [_thread_in_native, id=8620, stack(0x0000000017f90000,0x0000000018090000)]

Stack: [0x0000000017f90000,0x0000000018090000]
[error occurred during error reporting (printing stack bounds), id 0xc0000005]

Native frames: (J=compiled Java code, j=interpreted, Vv=VM code, C=native code)


Current CompileTask:
C2:1542095 27342 %     4       com.android.tools.r8.ir.regalloc.LinearScanRegisterAllocator::allocateRegisters @ 623 (1295 bytes)


---------------  P R O C E S S  ---------------

Java Threads: ( => current thread )
  0x000000001e19c000 JavaThread "WorkerExecutor Queue Thread 6" [_thread_blocked, id=12504, stack(0x0000000035170000,0x0000000035270000)]
  0x0000000021c13800 JavaThread "Cache worker for Java compile cache (C:\Users\noppanut_ch\AndroidStudioProjects\EntWalk\MyMap\.gradle\5.4.1\javaCompile)" [_thread_blocked, id=296, stack(0x000000002b9e0000,0x000000002bae0000)]
  0x0000000021c13000 JavaThread "Cache worker for Java compile cache (C:\Users\noppanut_ch\.gradle\caches\5.4.1\javaCompile)" [_thread_blocked, id=7548, stack(0x000000002b8e0000,0x000000002b9e0000)]
  0x0000000021c0b800 JavaThread "stdout" [_thread_in_native, id=12020, stack(0x000000002b4e0000,0x000000002b5e0000)]
  0x0000000021c10000 JavaThread "stderr" [_thread_in_native, id=2944, stack(0x000000002b3e0000,0x000000002b4e0000)]
  0x0000000021c0f000 JavaThread "stdout" [_thread_in_native, id=10916, stack(0x000000002b2e0000,0x000000002b3e0000)]
  0x0000000021c09000 JavaThread "stderr" [_thread_in_native, id=8420, stack(0x000000002b1e0000,0x000000002b2e0000)]
  0x0000000021c0e800 JavaThread "stdout" [_thread_in_native, id=12948, stack(0x000000002b0e0000,0x000000002b1e0000)]
  0x0000000021c0d800 JavaThread "stderr" [_thread_in_native, id=12320, stack(0x000000002afe0000,0x000000002b0e0000)]
  0x0000000021c0a000 JavaThread "stdout" [_thread_in_native, id=1940, stack(0x000000002aee0000,0x000000002afe0000)]
  0x0000000021c0d000 JavaThread "stderr" [_thread_in_native, id=9004, stack(0x000000002ade0000,0x000000002aee0000)]
  0x0000000021c08800 JavaThread "pool-4-thread-1" [_thread_blocked, id=7632, stack(0x000000002ace0000,0x000000002ade0000)]
  0x000000001e124800 JavaThread "WorkerExecutor Queue Thread 3" [_thread_in_native, id=12420, stack(0x000000002aae0000,0x000000002abe0000)]
  0x00000000199ed800 JavaThread "WorkerExecutor Queue Thread 2" [_thread_blocked, id=11772, stack(0x000000002a9e0000,0x000000002aae0000)]
  0x000000001e19d000 JavaThread "WorkerExecutor Queue" [_thread_in_native, id=960, stack(0x0000000027b00000,0x0000000027c00000)]
  0x000000001e194000 JavaThread "Cache worker for execution history cache (C:\Users\noppanut_ch\AndroidStudioProjects\EntWalk\MyMap\.gradle\5.4.1\executionHistory)" [_thread_blocked, id=10884, stack(0x0000000027a00000,0x0000000027b00000)]
  0x000000001e197000 JavaThread "Execution worker for ':' Thread 3" [_thread_blocked, id=13544, stack(0x0000000027900000,0x0000000027a00000)]
  0x000000001e196000 JavaThread "Execution worker for ':' Thread 2" [_thread_blocked, id=13540, stack(0x0000000027800000,0x0000000027900000)]
  0x000000001e195800 JavaThread "Execution worker for ':'" [_thread_blocked, id=13536, stack(0x0000000027700000,0x0000000027800000)]
  0x000000001e12b800 JavaThread "Cache worker for file content cache (C:\Users\noppanut_ch\AndroidStudioProjects\EntWalk\MyMap\.gradle\5.4.1\fileContent)" [_thread_blocked, id=13528, stack(0x0000000027600000,0x0000000027700000)]
  0x000000001e12a800 JavaThread "Cache worker for file content cache (C:\Users\noppanut_ch\.gradle\caches\5.4.1\fileContent)" [_thread_blocked, id=13524, stack(0x0000000027500000,0x0000000027600000)]
  0x000000001e12a000 JavaThread "Cache worker for Build Output Cleanup Cache (C:\Users\noppanut_ch\AndroidStudioProjects\EntWalk\MyMap\.gradle\buildOutputCleanup)" [_thread_blocked, id=13464, stack(0x0000000027400000,0x0000000027500000)]
  0x000000001e129000 JavaThread "pool-3-thread-1" [_thread_blocked, id=13420, stack(0x0000000027300000,0x0000000027400000)]
  0x000000001e128800 JavaThread "Build operations Thread 4" [_thread_blocked, id=7420, stack(0x0000000027200000,0x0000000027300000)]
  0x000000001e127800 JavaThread "Build operations Thread 3" [_thread_blocked, id=3852, stack(0x0000000027100000,0x0000000027200000)]
  0x000000001e12c000 JavaThread "Build operations Thread 2" [_thread_blocked, id=12740, stack(0x0000000026f00000,0x0000000027000000)]
  0x000000001e127000 JavaThread "Build operations" [_thread_blocked, id=6828, stack(0x0000000026e00000,0x0000000026f00000)]
  0x000000001e126000 JavaThread "Cache worker for cache directory md-rule (C:\Users\noppanut_ch\.gradle\caches\5.4.1\md-rule)" [_thread_blocked, id=10608, stack(0x0000000026d00000,0x0000000026e00000)]
  0x000000001e11e800 JavaThread "Cache worker for cache directory md-supplier (C:\Users\noppanut_ch\.gradle\caches\5.4.1\md-supplier)" [_thread_blocked, id=9016, stack(0x0000000026c00000,0x0000000026d00000)]
  0x000000001e125800 JavaThread "Cache worker for file hash cache (C:\Users\noppanut_ch\AndroidStudioProjects\EntWalk\MyMap\.gradle\5.4.1\fileHashes)" [_thread_blocked, id=10908, stack(0x0000000026b00000,0x0000000026c00000)]
  0x000000001e121000 JavaThread "Thread-32" [_thread_blocked, id=6920, stack(0x0000000026a00000,0x0000000026b00000)]
  0x000000001e120000 JavaThread "Asynchronous log dispatcher for DefaultDaemonConnection: socket connection from /127.0.0.1:54118 to /127.0.0.1:54192" [_thread_blocked, id=568, stack(0x0000000026800000,0x0000000026900000)]
  0x000000001e11f800 JavaThread "Daemon worker Thread 2" [_thread_blocked, id=12500, stack(0x0000000026700000,0x0000000026800000)]
  0x000000001e124000 JavaThread "Cancel handler" [_thread_blocked, id=12844, stack(0x0000000026600000,0x0000000026700000)]
  0x000000001e123000 JavaThread "Handler for socket connection from /127.0.0.1:54118 to /127.0.0.1:54192" [_thread_in_native, id=13116, stack(0x0000000026500000,0x0000000026600000)]
  0x000000001e121800 JavaThread "Daemon Thread 2" [_thread_blocked, id=1964, stack(0x0000000026400000,0x0000000026500000)]
  0x000000001e194800 JavaThread "Memory manager" [_thread_blocked, id=8160, stack(0x00000000236a0000,0x00000000237a0000)]
  0x000000001e19a000 JavaThread "Cache worker for execution history cache (C:\Users\noppanut_ch\.gradle\caches\5.4.1\executionHistory)" [_thread_blocked, id=9676, stack(0x000000001f6d0000,0x000000001f7d0000)]
  0x00000000199e8000 JavaThread "Cache worker for journal cache (C:\Users\noppanut_ch\.gradle\caches\journal-1)" [_thread_blocked, id=10896, stack(0x000000001c3d0000,0x000000001c4d0000)]
  0x00000000199ec000 JavaThread "File lock request listener" [_thread_in_native, id=10652, stack(0x000000001c2d0000,0x000000001c3d0000)]
  0x00000000199ec800 JavaThread "Cache worker for file hash cache (C:\Users\noppanut_ch\.gradle\caches\5.4.1\fileHashes)" [_thread_blocked, id=572, stack(0x000000001c1d0000,0x000000001c2d0000)]
  0x000000001883e800 JavaThread "Daemon periodic checks" [_thread_blocked, id=8920, stack(0x000000001b7d0000,0x000000001b8d0000)]
  0x000000001883a000 JavaThread "Incoming local TCP Connector on port 54118" [_thread_in_native, id=3080, stack(0x000000001b590000,0x000000001b690000)]
  0x0000000019ee7000 JavaThread "Daemon health stats" [_thread_blocked, id=11164, stack(0x000000001af50000,0x000000001b050000)]
  0x00000000181c0800 JavaThread "Service Thread" daemon [_thread_blocked, id=9736, stack(0x0000000018590000,0x0000000018690000)]
  0x000000001681c000 JavaThread "C1 CompilerThread2" daemon [_thread_blocked, id=5088, stack(0x0000000018090000,0x0000000018190000)]
=>0x0000000016814800 JavaThread "C2 CompilerThread1" daemon [_thread_in_native, id=8620, stack(0x0000000017f90000,0x0000000018090000)]
  0x000000001680e000 JavaThread "C2 CompilerThread0" daemon [_thread_blocked, id=9608, stack(0x0000000017e90000,0x0000000017f90000)]
  0x000000001680a800 JavaThread "Attach Listener" daemon [_thread_blocked, id=6224, stack(0x0000000017d90000,0x0000000017e90000)]
  0x0000000016809000 JavaThread "Signal Dispatcher" daemon [_thread_blocked, id=10960, stack(0x0000000017c90000,0x0000000017d90000)]
  0x0000000002e7a000 JavaThread "Finalizer" daemon [_thread_blocked, id=7072, stack(0x0000000017a80000,0x0000000017b80000)]
  0x0000000002e71000 JavaThread "Reference Handler" daemon [_thread_blocked, id=7388, stack(0x0000000017980000,0x0000000017a80000)]
  0x0000000002c7e800 JavaThread "main" [_thread_blocked, id=6488, stack(0x0000000002c80000,0x0000000002d80000)]

Other Threads:
  0x00000000167d6800 VMThread [stack: 0x0000000017880000,0x0000000017980000] [id=11468]
  0x00000000181c1000 WatcherThread [stack: 0x0000000018690000,0x0000000018790000] [id=7476]

VM state:not at safepoint (normal execution)

VM Mutex/Monitor currently owned by a thread: None

heap address: 0x00000000a0000000, size: 1536 MB, Compressed Oops mode: 32-bit
Narrow klass base: 0x0000000000000000, Narrow klass shift: 3
Compressed class space size: 1073741824 Address: 0x0000000100000000

Heap:
 PSYoungGen      total 479232K, used 426994K [0x00000000e0000000, 0x00000000fff80000, 0x0000000100000000)
  eden space 440320K, 95% used [0x00000000e0000000,0x00000000f994c920,0x00000000fae00000)
  from space 38912K, 20% used [0x00000000fae00000,0x00000000fb5b0010,0x00000000fd400000)
  to   space 36864K, 0% used [0x00000000fdb80000,0x00000000fdb80000,0x00000000fff80000)
 ParOldGen       total 274944K, used 197559K [0x00000000a0000000, 0x00000000b0c80000, 0x00000000e0000000)
  object space 274944K, 71% used [0x00000000a0000000,0x00000000ac0ede28,0x00000000b0c80000)
 Metaspace       used 115907K, capacity 120586K, committed 122240K, reserved 1155072K
  class space    used 14607K, capacity 15601K, committed 16000K, reserved 1048576K

Card table byte_map: [0x0000000012240000,0x0000000012550000] byte_map_base: 0x0000000011d40000

Marking Bits: (ParMarkBitMap*) 0x00000000697a9f30
 Begin Bits: [0x0000000012b50000, 0x0000000014350000)
 End Bits:   [0x0000000014350000, 0x0000000015b50000)

Polling page: 0x0000000002c20000

CodeCache: size=245760Kb used=77530Kb max_used=79730Kb free=168229Kb
 bounds [0x0000000002e80000, 0x0000000007cd0000, 0x0000000011e80000]
 total_blobs=21164 nmethods=20254 adapters=822
 compilation: enabled

Compilation events (10 events):
Event: 1541.208 Thread 0x000000001680e000 27359       4       com.android.tools.r8.utils.InternalOptions::b (26 bytes)
Event: 1541.209 Thread 0x000000001680e000 nmethod 27359 0x000000000660c410 code [0x000000000660c560, 0x000000000660c678]
Event: 1541.209 Thread 0x000000001680e000 27360       4       com.android.tools.r8.utils.InternalOptions::q (26 bytes)
Event: 1541.210 Thread 0x000000001680e000 nmethod 27360 0x0000000006cc96d0 code [0x0000000006cc9820, 0x0000000006cc9938]
Event: 1541.210 Thread 0x000000001680e000 27361       4       com.android.tools.r8.graph.DexEncodedMethod::buildIR (25 bytes)
Event: 1541.211 Thread 0x000000001680e000 nmethod 27361 0x0000000006ef2590 code [0x0000000006ef26e0, 0x0000000006ef27c8]
Event: 1541.211 Thread 0x000000001680e000 27346       4       com.android.tools.r8.graph.MethodAccessFlags::isBridge (7 bytes)
Event: 1541.212 Thread 0x000000001680e000 nmethod 27346 0x00000000077c5150 code [0x00000000077c5280, 0x00000000077c52f8]
Event: 1541.508 Thread 0x000000001680e000 27364       4       com.android.tools.r8.graph.DexProgramClass$$Lambda$931/2003902217::test (8 bytes)
Event: 1541.509 Thread 0x000000001680e000 nmethod 27364 0x0000000007542410 code [0x0000000007542560, 0x0000000007542618]

GC Heap History (10 events):
Event: 1513.543 GC heap before
{Heap before GC invocations=62 (full 5):
 PSYoungGen      total 474112K, used 434320K [0x00000000e0000000, 0x00000000ff980000, 0x0000000100000000)
  eden space 429568K, 100% used [0x00000000e0000000,0x00000000fa380000,0x00000000fa380000)
  from space 44544K, 10% used [0x00000000fcd80000,0x00000000fd2241a8,0x00000000ff900000)
  to   space 43008K, 0% used [0x00000000fa380000,0x00000000fa380000,0x00000000fcd80000)
 ParOldGen       total 274944K, used 155303K [0x00000000a0000000, 0x00000000b0c80000, 0x00000000e0000000)
  object space 274944K, 56% used [0x00000000a0000000,0x00000000a97a9cf0,0x00000000b0c80000)
 Metaspace       used 115578K, capacity 120172K, committed 121984K, reserved 1155072K
  class space    used 14567K, capacity 15570K, committed 16000K, reserved 1048576K
Event: 1513.561 GC heap after
Heap after GC invocations=62 (full 5):
 PSYoungGen      total 472576K, used 9236K [0x00000000e0000000, 0x00000000ff980000, 0x0000000100000000)
  eden space 429568K, 0% used [0x00000000e0000000,0x00000000e0000000,0x00000000fa380000)
  from space 43008K, 21% used [0x00000000fa380000,0x00000000fac85000,0x00000000fcd80000)
  to   space 40448K, 0% used [0x00000000fd200000,0x00000000fd200000,0x00000000ff980000)
 ParOldGen       total 274944K, used 158231K [0x00000000a0000000, 0x00000000b0c80000, 0x00000000e0000000)
  object space 274944K, 57% used [0x00000000a0000000,0x00000000a9a85d00,0x00000000b0c80000)
 Metaspace       used 115578K, capacity 120172K, committed 121984K, reserved 1155072K
  class space    used 14567K, capacity 15570K, committed 16000K, reserved 1048576K
}
Event: 1514.032 GC heap before
{Heap before GC invocations=63 (full 5):
 PSYoungGen      total 472576K, used 438804K [0x00000000e0000000, 0x00000000ff980000, 0x0000000100000000)
  eden space 429568K, 100% used [0x00000000e0000000,0x00000000fa380000,0x00000000fa380000)
  from space 43008K, 21% used [0x00000000fa380000,0x00000000fac85000,0x00000000fcd80000)
  to   space 40448K, 0% used [0x00000000fd200000,0x00000000fd200000,0x00000000ff980000)
 ParOldGen       total 274944K, used 158231K [0x00000000a0000000, 0x00000000b0c80000, 0x00000000e0000000)
  object space 274944K, 57% used [0x00000000a0000000,0x00000000a9a85d00,0x00000000b0c80000)
 Metaspace       used 115592K, capacity 120180K, committed 121984K, reserved 1155072K
  class space    used 14567K, capacity 15570K, committed 16000K, reserved 1048576K
Event: 1514.067 GC heap after
Heap after GC invocations=63 (full 5):
 PSYoungGen      total 475136K, used 25690K [0x00000000e0000000, 0x0000000100000000, 0x0000000100000000)
  eden space 434688K, 0% used [0x00000000e0000000,0x00000000e0000000,0x00000000fa880000)
  from space 40448K, 63% used [0x00000000fd200000,0x00000000feb16998,0x00000000ff980000)
  to   space 42496K, 0% used [0x00000000fa880000,0x00000000fa880000,0x00000000fd200000)
 ParOldGen       total 274944K, used 164153K [0x00000000a0000000, 0x00000000b0c80000, 0x00000000e0000000)
  object space 274944K, 59% used [0x00000000a0000000,0x00000000aa04e5f0,0x00000000b0c80000)
 Metaspace       used 115592K, capacity 120180K, committed 121984K, reserved 1155072K
  class space    used 14567K, capacity 15570K, committed 16000K, reserved 1048576K
}
Event: 1514.786 GC heap before
{Heap before GC invocations=64 (full 5):
 PSYoungGen      total 475136K, used 460378K [0x00000000e0000000, 0x0000000100000000, 0x0000000100000000)
  eden space 434688K, 100% used [0x00000000e0000000,0x00000000fa880000,0x00000000fa880000)
  from space 40448K, 63% used [0x00000000fd200000,0x00000000feb16998,0x00000000ff980000)
  to   space 42496K, 0% used [0x00000000fa880000,0x00000000fa880000,0x00000000fd200000)
 ParOldGen       total 274944K, used 164153K [0x00000000a0000000, 0x00000000b0c80000, 0x00000000e0000000)
  object space 274944K, 59% used [0x00000000a0000000,0x00000000aa04e5f0,0x00000000b0c80000)
 Metaspace       used 115601K, capacity 120180K, committed 121984K, reserved 1155072K
  class space    used 14567K, capacity 15570K, committed 16000K, reserved 1048576K
Event: 1514.853 GC heap after
Heap after GC invocations=64 (full 5):
 PSYoungGen      total 477184K, used 4032K [0x00000000e0000000, 0x0000000100000000, 0x0000000100000000)
  eden space 434688K, 0% used [0x00000000e0000000,0x00000000e0000000,0x00000000fa880000)
  from space 42496K, 9% used [0x00000000fa880000,0x00000000fac70010,0x00000000fd200000)
  to   space 41472K, 0% used [0x00000000fd780000,0x00000000fd780000,0x0000000100000000)
 ParOldGen       total 274944K, used 185450K [0x00000000a0000000, 0x00000000b0c80000, 0x00000000e0000000)
  object space 274944K, 67% used [0x00000000a0000000,0x00000000ab51ab68,0x00000000b0c80000)
 Metaspace       used 115601K, capacity 120180K, committed 121984K, reserved 1155072K
  class space    used 14567K, capacity 15570K, committed 16000K, reserved 1048576K
}
Event: 1515.524 GC heap before
{Heap before GC invocations=65 (full 5):
 PSYoungGen      total 477184K, used 438720K [0x00000000e0000000, 0x0000000100000000, 0x0000000100000000)
  eden space 434688K, 100% used [0x00000000e0000000,0x00000000fa880000,0x00000000fa880000)
  from space 42496K, 9% used [0x00000000fa880000,0x00000000fac70010,0x00000000fd200000)
  to   space 41472K, 0% used [0x00000000fd780000,0x00000000fd780000,0x0000000100000000)
 ParOldGen       total 274944K, used 185450K [0x00000000a0000000, 0x00000000b0c80000, 0x00000000e0000000)
  object space 274944K, 67% used [0x00000000a0000000,0x00000000ab51ab68,0x00000000b0c80000)
 Metaspace       used 115618K, capacity 120244K, committed 121984K, reserved 1155072K
  class space    used 14567K, capacity 15570K, committed 16000K, reserved 1048576K
Event: 1515.593 GC heap after
Heap after GC invocations=65 (full 5):
 PSYoungGen      total 475648K, used 9376K [0x00000000e0000000, 0x00000000ffa00000, 0x0000000100000000)
  eden space 440320K, 0% used [0x00000000e0000000,0x00000000e0000000,0x00000000fae00000)
  from space 35328K, 26% used [0x00000000fd780000,0x00000000fe0a8000,0x00000000ffa00000)
  to   space 38912K, 0% used [0x00000000fae00000,0x00000000fae00000,0x00000000fd400000)
 ParOldGen       total 274944K, used 189386K [0x00000000a0000000, 0x00000000b0c80000, 0x00000000e0000000)
  object space 274944K, 68% used [0x00000000a0000000,0x00000000ab8f29b0,0x00000000b0c80000)
 Metaspace       used 115618K, capacity 120244K, committed 121984K, reserved 1155072K
  class space    used 14567K, capacity 15570K, committed 16000K, reserved 1048576K
}
Event: 1516.371 GC heap before
{Heap before GC invocations=66 (full 5):
 PSYoungGen      total 475648K, used 449696K [0x00000000e0000000, 0x00000000ffa00000, 0x0000000100000000)
  eden space 440320K, 100% used [0x00000000e0000000,0x00000000fae00000,0x00000000fae00000)
  from space 35328K, 26% used [0x00000000fd780000,0x00000000fe0a8000,0x00000000ffa00000)
  to   space 38912K, 0% used [0x00000000fae00000,0x00000000fae00000,0x00000000fd400000)
 ParOldGen       total 274944K, used 189386K [0x00000000a0000000, 0x00000000b0c80000, 0x00000000e0000000)
  object space 274944K, 68% used [0x00000000a0000000,0x00000000ab8f29b0,0x00000000b0c80000)
 Metaspace       used 115641K, capacity 120244K, committed 121984K, reserved 1155072K
  class space    used 14567K, capacity 15570K, committed 16000K, reserved 1048576K
Event: 1516.386 GC heap after
Heap after GC invocations=66 (full 5):
 PSYoungGen      total 479232K, used 7872K [0x00000000e0000000, 0x00000000fff80000, 0x0000000100000000)
  eden space 440320K, 0% used [0x00000000e0000000,0x00000000e0000000,0x00000000fae00000)
  from space 38912K, 20% used [0x00000000fae00000,0x00000000fb5b0010,0x00000000fd400000)
  to   space 36864K, 0% used [0x00000000fdb80000,0x00000000fdb80000,0x00000000fff80000)
 ParOldGen       total 274944K, used 197559K [0x00000000a0000000, 0x00000000b0c80000, 0x00000000e0000000)
  object space 274944K, 71% used [0x00000000a0000000,0x00000000ac0ede28,0x00000000b0c80000)
 Metaspace       used 115641K, capacity 120244K, committed 121984K, reserved 1155072K
  class space    used 14567K, capacity 15570K, committed 16000K, reserved 1048576K
}

Deoptimization events (10 events):
Event: 1540.960 Thread 0x000000001e124800 Uncommon trap: reason=class_check action=maybe_recompile pc=0x00000000033cb73c method=com.android.tools.r8.utils.InternalOptions.c0()Z @ 4
Event: 1540.960 Thread 0x000000001e124800 Uncommon trap: reason=class_check action=maybe_recompile pc=0x0000000006386d6c method=com.android.tools.r8.utils.InternalOptions.c0()Z @ 4
Event: 1540.961 Thread 0x000000001e124800 Uncommon trap: reason=class_check action=maybe_recompile pc=0x000000000647cfac method=com.android.tools.r8.utils.InternalOptions.c0()Z @ 4
Event: 1540.961 Thread 0x000000001e124800 Uncommon trap: reason=class_check action=maybe_recompile pc=0x000000000638c288 method=com.android.tools.r8.utils.InternalOptions.c0()Z @ 4
Event: 1540.962 Thread 0x000000001e124800 Uncommon trap: reason=class_check action=maybe_recompile pc=0x0000000003865198 method=com.android.tools.r8.utils.InternalOptions.c0()Z @ 4
Event: 1540.962 Thread 0x000000001e124800 Uncommon trap: reason=class_check action=maybe_recompile pc=0x0000000003a4d6a8 method=com.android.tools.r8.utils.InternalOptions.c0()Z @ 4
Event: 1540.962 Thread 0x000000001e124800 Uncommon trap: reason=class_check action=maybe_recompile pc=0x0000000006150a34 method=com.android.tools.r8.utils.InternalOptions.c0()Z @ 4
Event: 1541.020 Thread 0x000000001e124800 Uncommon trap: reason=class_check action=maybe_recompile pc=0x0000000006a59a7c method=com.android.tools.r8.utils.InternalOptions.c0()Z @ 4
Event: 1541.030 Thread 0x000000001e124800 Uncommon trap: reason=class_check action=maybe_recompile pc=0x00000000074100ac method=com.android.tools.r8.utils.InternalOptions.c0()Z @ 4
Event: 1541.055 Thread 0x000000001e124800 Uncommon trap: reason=array_check action=maybe_recompile pc=0x000000000746e994 method=java.util.TimSort.mergeLo(IIII)V @ 133

Classes redefined (0 events):
No events

Internal exceptions (10 events):
Event: 1541.072 Thread 0x000000001e124800 Exception <a 'sun/nio/fs/WindowsException'> (0x00000000f9612a40) thrown at [D:\src\AOSP-openjdk-cygwin\jdk8u\hotspot\src\share\vm\prims\jni.cpp, line 710]
Event: 1541.072 Thread 0x000000001e124800 Exception <a 'sun/nio/fs/WindowsException'> (0x00000000f9613878) thrown at [D:\src\AOSP-openjdk-cygwin\jdk8u\hotspot\src\share\vm\prims\jni.cpp, line 710]
Event: 1541.353 Thread 0x000000001e124800 Exception <a 'sun/nio/fs/WindowsException'> (0x00000000f961d7e0) thrown at [D:\src\AOSP-openjdk-cygwin\jdk8u\hotspot\src\share\vm\prims\jni.cpp, line 710]
Event: 1541.353 Thread 0x000000001e124800 Exception <a 'sun/nio/fs/WindowsException'> (0x00000000f961e240) thrown at [D:\src\AOSP-openjdk-cygwin\jdk8u\hotspot\src\share\vm\prims\jni.cpp, line 710]
Event: 1541.353 Thread 0x000000001e124800 Exception <a 'sun/nio/fs/WindowsException'> (0x00000000f961ebf8) thrown at [D:\src\AOSP-openjdk-cygwin\jdk8u\hotspot\src\share\vm\prims\jni.cpp, line 710]
Event: 1541.353 Thread 0x000000001e124800 Exception <a 'sun/nio/fs/WindowsException'> (0x00000000f961fa30) thrown at [D:\src\AOSP-openjdk-cygwin\jdk8u\hotspot\src\share\vm\prims\jni.cpp, line 710]
Event: 1541.508 Thread 0x000000001e124800 Exception <a 'sun/nio/fs/WindowsException'> (0x00000000f96b9ee0) thrown at [D:\src\AOSP-openjdk-cygwin\jdk8u\hotspot\src\share\vm\prims\jni.cpp, line 710]
Event: 1541.509 Thread 0x000000001e124800 Exception <a 'sun/nio/fs/WindowsException'> (0x00000000f96ba950) thrown at [D:\src\AOSP-openjdk-cygwin\jdk8u\hotspot\src\share\vm\prims\jni.cpp, line 710]
Event: 1541.509 Thread 0x000000001e124800 Exception <a 'sun/nio/fs/WindowsException'> (0x00000000f96bb338) thrown at [D:\src\AOSP-openjdk-cygwin\jdk8u\hotspot\src\share\vm\prims\jni.cpp, line 710]
Event: 1541.509 Thread 0x000000001e124800 Exception <a 'sun/nio/fs/WindowsException'> (0x00000000f96bc1a0) thrown at [D:\src\AOSP-openjdk-cygwin\jdk8u\hotspot\src\share\vm\prims\jni.cpp, line 710]

Events (10 events):
Event: 1541.020 Thread 0x000000001e124800 DEOPT PACKING pc=0x0000000006a59a7c sp=0x000000002abdd700
Event: 1541.020 Thread 0x000000001e124800 DEOPT UNPACKING pc=0x0000000002ec557b sp=0x000000002abdd6c8 mode 2
Event: 1541.030 Thread 0x000000001e124800 Uncommon trap: trap_request=0xffffffde fr.pc=0x00000000074100ac
Event: 1541.030 Thread 0x000000001e124800 DEOPT PACKING pc=0x00000000074100ac sp=0x000000002abdd7c0
Event: 1541.030 Thread 0x000000001e124800 DEOPT UNPACKING pc=0x0000000002ec557b sp=0x000000002abdd6c8 mode 2
Event: 1541.055 Thread 0x000000001e124800 Uncommon trap: trap_request=0xffffffd6 fr.pc=0x000000000746e994
Event: 1541.055 Thread 0x000000001e124800 DEOPT PACKING pc=0x000000000746e994 sp=0x000000002abddbe0
Event: 1541.055 Thread 0x000000001e124800 DEOPT UNPACKING pc=0x0000000002ec557b sp=0x000000002abddbd8 mode 2
Event: 1541.072 loading class sun/nio/fs/AbstractPath$1
Event: 1541.329 loading class sun/nio/fs/AbstractPath$1 done


Dynamic libraries:
0x00007ff7ded80000 - 0x00007ff7dedb1000 	D:\Program\Adroid Studio\jre\bin\java.exe
0x00007ffb1bf90000 - 0x00007ffb1c171000 	C:\WINDOWS\SYSTEM32\ntdll.dll
0x00007ffb19920000 - 0x00007ffb199d1000 	C:\WINDOWS\System32\KERNEL32.DLL
0x00007ffb18d20000 - 0x00007ffb18f93000 	C:\WINDOWS\System32\KERNELBASE.dll
0x00007ffb194b0000 - 0x00007ffb19551000 	C:\WINDOWS\System32\ADVAPI32.dll
0x00007ffb1be30000 - 0x00007ffb1bece000 	C:\WINDOWS\System32\msvcrt.dll
0x00007ffb19fc0000 - 0x00007ffb1a01b000 	C:\WINDOWS\System32\sechost.dll
0x00007ffb1a020000 - 0x00007ffb1a144000 	C:\WINDOWS\System32\RPCRT4.dll
0x00007ffb19780000 - 0x00007ffb19911000 	C:\WINDOWS\System32\USER32.dll
0x00007ffb18b60000 - 0x00007ffb18b80000 	C:\WINDOWS\System32\win32u.dll
0x00007ffb19f90000 - 0x00007ffb19fb8000 	C:\WINDOWS\System32\GDI32.dll
0x00007ffb18b80000 - 0x00007ffb18d11000 	C:\WINDOWS\System32\gdi32full.dll
0x00007ffb190f0000 - 0x00007ffb1918f000 	C:\WINDOWS\System32\msvcp_win.dll
0x00007ffb18fa0000 - 0x00007ffb19098000 	C:\WINDOWS\System32\ucrtbase.dll
0x00007ffb0bdc0000 - 0x00007ffb0c029000 	C:\WINDOWS\WinSxS\amd64_microsoft.windows.common-controls_6595b64144ccf1df_6.0.17134.1130_none_d3ff42617c90becf\COMCTL32.dll
0x00007ffb199f0000 - 0x00007ffb19d11000 	C:\WINDOWS\System32\combase.dll
0x00007ffb19190000 - 0x00007ffb19209000 	C:\WINDOWS\System32\bcryptPrimitives.dll
0x00007ffb1bf30000 - 0x00007ffb1bf5d000 	C:\WINDOWS\System32\IMM32.DLL
0x0000000068e20000 - 0x0000000068ef2000 	D:\Program\Adroid Studio\jre\jre\bin\msvcr100.dll
0x0000000068fe0000 - 0x0000000069826000 	D:\Program\Adroid Studio\jre\jre\bin\server\jvm.dll
0x00007ffb1be20000 - 0x00007ffb1be28000 	C:\WINDOWS\System32\PSAPI.DLL
0x00007ffb09b30000 - 0x00007ffb09b39000 	C:\WINDOWS\SYSTEM32\WSOCK32.dll
0x00007ffb0f230000 - 0x00007ffb0f23a000 	C:\WINDOWS\SYSTEM32\VERSION.dll
0x00007ffb0d800000 - 0x00007ffb0d823000 	C:\WINDOWS\SYSTEM32\WINMM.dll
0x00007ffb1a350000 - 0x00007ffb1a3bc000 	C:\WINDOWS\System32\WS2_32.dll
0x00007ffb0d7d0000 - 0x00007ffb0d7fa000 	C:\WINDOWS\SYSTEM32\WINMMBASE.dll
0x00007ffb190a0000 - 0x00007ffb190e9000 	C:\WINDOWS\System32\cfgmgr32.dll
0x00007ffb11aa0000 - 0x00007ffb11aaf000 	D:\Program\Adroid Studio\jre\jre\bin\verify.dll
0x00007ffb05540000 - 0x00007ffb05569000 	D:\Program\Adroid Studio\jre\jre\bin\java.dll
0x00007ffb0cf10000 - 0x00007ffb0cf26000 	D:\Program\Adroid Studio\jre\jre\bin\zip.dll
0x00007ffb1a870000 - 0x00007ffb1bcb5000 	C:\WINDOWS\System32\SHELL32.dll
0x00007ffb19400000 - 0x00007ffb194a9000 	C:\WINDOWS\System32\shcore.dll
0x00007ffb18340000 - 0x00007ffb18a50000 	C:\WINDOWS\System32\windows.storage.dll
0x00007ffb19600000 - 0x00007ffb19651000 	C:\WINDOWS\System32\shlwapi.dll
0x00007ffb18320000 - 0x00007ffb18331000 	C:\WINDOWS\System32\kernel.appcore.dll
0x00007ffb182e0000 - 0x00007ffb182ff000 	C:\WINDOWS\System32\profapi.dll
0x00007ffb18290000 - 0x00007ffb182dc000 	C:\WINDOWS\System32\powrprof.dll
0x00007ffb18280000 - 0x00007ffb1828a000 	C:\WINDOWS\System32\FLTLIB.DLL
0x00007ffb0bbe0000 - 0x00007ffb0bbfa000 	D:\Program\Adroid Studio\jre\jre\bin\net.dll
0x00007ffb17b00000 - 0x00007ffb17b66000 	C:\WINDOWS\system32\mswsock.dll
0x00007ffb043b0000 - 0x00007ffb043c1000 	D:\Program\Adroid Studio\jre\jre\bin\nio.dll
0x00007ffb03bc0000 - 0x00007ffb03be6000 	C:\Users\noppanut_ch\.gradle\native\29\windows-amd64\native-platform.dll
0x00007ffb119f0000 - 0x00007ffb119fd000 	D:\Program\Adroid Studio\jre\jre\bin\management.dll
0x00007ffb17cb0000 - 0x00007ffb17cc7000 	C:\WINDOWS\SYSTEM32\CRYPTSP.dll
0x00007ffb17420000 - 0x00007ffb17453000 	C:\WINDOWS\system32\rsaenh.dll
0x00007ffb17de0000 - 0x00007ffb17e05000 	C:\WINDOWS\SYSTEM32\bcrypt.dll
0x00007ffb18180000 - 0x00007ffb181a8000 	C:\WINDOWS\SYSTEM32\USERENV.dll
0x00007ffb17cd0000 - 0x00007ffb17cdb000 	C:\WINDOWS\SYSTEM32\CRYPTBASE.dll
0x00007ffb17850000 - 0x00007ffb17888000 	C:\WINDOWS\SYSTEM32\IPHLPAPI.DLL
0x00007ffb199e0000 - 0x00007ffb199e8000 	C:\WINDOWS\System32\NSI.dll
0x00007ffb11e00000 - 0x00007ffb11e16000 	C:\WINDOWS\SYSTEM32\dhcpcsvc6.DLL
0x00007ffb11b90000 - 0x00007ffb11baa000 	C:\WINDOWS\SYSTEM32\dhcpcsvc.DLL
0x00007ffb03dc0000 - 0x00007ffb03de4000 	D:\Program\Adroid Studio\jre\jre\bin\sunec.dll
0x00007ffb178e0000 - 0x00007ffb1799e000 	C:\WINDOWS\SYSTEM32\DNSAPI.dll
0x00007ffb0f380000 - 0x00007ffb0f38a000 	C:\Windows\System32\rasadhlp.dll
0x00007ffb0f400000 - 0x00007ffb0f472000 	C:\WINDOWS\System32\fwpuclnt.dll
0x00007ffb0c530000 - 0x00007ffb0c53b000 	D:\Program\Adroid Studio\jre\jre\bin\sunmscapi.dll
0x00007ffb19210000 - 0x00007ffb193f2000 	C:\WINDOWS\System32\CRYPT32.dll
0x00007ffb18300000 - 0x00007ffb18312000 	C:\WINDOWS\System32\MSASN1.dll
0x00007ffb14490000 - 0x00007ffb1451b000 	C:\WINDOWS\system32\apphelp.dll
0x00007ffb17190000 - 0x00007ffb171c1000 	C:\WINDOWS\SYSTEM32\ntmarta.dll

VM Arguments:
jvm_args: -Xmx1536m -Dfile.encoding=windows-1252 -Duser.country=US -Duser.language=en -Duser.variant 
java_command: org.gradle.launcher.daemon.bootstrap.GradleDaemon 5.4.1
java_class_path (initial): C:\Users\noppanut_ch\.gradle\wrapper\dists\gradle-5.4.1-all\3221gyojl5jsh0helicew7rwx\gradle-5.4.1\lib\gradle-launcher-5.4.1.jar
Launcher Type: SUN_STANDARD

Environment Variables:
CLASSPATH=.;C:\Program Files (x86)\QuickTime\QTSystem\QTJava.zip
PATH=C:\Program Files\Python37\Scripts\;C:\Program Files\Python37\;C:\WINDOWS\system32;C:\WINDOWS;C:\WINDOWS\System32\Wbem;C:\WINDOWS\System32\WindowsPowerShell\v1.0\;C:\Program Files (x86)\QuickTime\QTSystem\;C:\Program Files\Git\cmd;C:\WINDOWS\System32\OpenSSH\;C:\Program Files\dotnet\;C:\Program Files\PuTTY\;C:\Program Files\nodejs\;C:\Program Files\Microsoft SQL Server\130\Tools\Binn\;C:\Program Files\Microsoft SQL Server\Client SDK\ODBC\170\Tools\Binn\;C:\Users\noppanut_ch\AppData\Local\Continuum\anaconda3;C:\Users\noppanut_ch\AppData\Local\Continuum\anaconda3\Library\mingw-w64\bin;C:\Users\noppanut_ch\AppData\Local\Continuum\anaconda3\Library\usr\bin;C:\Users\noppanut_ch\AppData\Local\Continuum\anaconda3\Library\bin;C:\Users\noppanut_ch\AppData\Local\Continuum\anaconda3\Scripts;C:\Users\noppanut_ch\AppData\Local\Microsoft\WindowsApps;C:\Users\noppanut_ch\AppData\Roaming\npm;D:\Program\Visual Studio Code\Microsoft VS Code\bin;C:\Users\noppanut_ch\.dotnet\tools
USERNAME=noppanut_ch
OS=Windows_NT
PROCESSOR_IDENTIFIER=Intel64 Family 6 Model 142 Stepping 9, GenuineIntel



---------------  S Y S T E M  ---------------

OS: Windows 10.0 , 64 bit Build 17134 (10.0.17134.753)

CPU:total 4 (initial active 4) (2 cores per cpu, 2 threads per core) family 6 model 142 stepping 9, cmov, cx8, fxsr, mmx, sse, sse2, sse3, ssse3, sse4.1, sse4.2, popcnt, avx, avx2, aes, clmul, erms, 3dnowpref, lzcnt, ht, tsc, tscinvbit, bmi1, bmi2, adx

Memory: 4k page, physical 8284800k(337516k free), swap 12479104k(2344k free)

vm_info: OpenJDK 64-Bit Server VM (25.202-b03) for windows-amd64 JRE (1.8.0_202-release-1483-b03), built by "builder" with MS VC++ 10.0 (VS2010)

time: Sun Nov 17 12:50:34 2019
timezone: SE Asia Standard Time
elapsed time: 1542 seconds (0d 0h 25m 42s)

